Ilearning0123/build/outputs/logs/manifest-merger-debug-report.txt
-- Merging decision tree log ---
manifest
ADDED from Ilearning0123\AndroidManifest.xml:2:1-96:12
	package
		ADDED from Ilearning0123\AndroidManifest.xml:3:5-36
	android:versionName
		ADDED from Ilearning0123\AndroidManifest.xml:5:5-30
	android:versionCode
		ADDED from Ilearning0123\AndroidManifest.xml:4:5-28
		INJECTED from Ilearning0123\AndroidManifest.xml
		INJECTED from Ilearning0123\AndroidManifest.xml
	xmlns:android
		ADDED from Ilearning0123\AndroidManifest.xml:2:11-69
uses-sdk
ADDED from Ilearning0123\AndroidManifest.xml:7:5-9:41
MERGED from [ilearning0318:android-support-v7-appcompat:unspecified] AndroidManifest.xml:20:5-43
	android:targetSdkVersion
		ADDED from Ilearning0123\AndroidManifest.xml:9:9-38
	android:minSdkVersion
		ADDED from Ilearning0123\AndroidManifest.xml:8:9-35
uses-permission#android.permission.INTERNET
ADDED from Ilearning0123\AndroidManifest.xml:11:5-67
	android:name
		ADDED from Ilearning0123\AndroidManifest.xml:11:22-64
uses-permission#android.permission.CHANGE_NETWORK_STATE
ADDED from Ilearning0123\AndroidManifest.xml:12:5-79
	android:name
		ADDED from Ilearning0123\AndroidManifest.xml:12:22-76
uses-permission#android.permission.ACCESS_WIFI_STATE
ADDED from Ilearning0123\AndroidManifest.xml:13:5-76
	android:name
		ADDED from Ilearning0123\AndroidManifest.xml:13:22-73
uses-permission#android.permission.CHANGE_WIFI_STATE
ADDED from Ilearning0123\AndroidManifest.xml:14:5-76
	android:name
		ADDED from Ilearning0123\AndroidManifest.xml:14:22-73
uses-permission#android.permission.WAKE_LOCK
ADDED from Ilearning0123\AndroidManifest.xml:15:5-68
	android:name
		ADDED from Ilearning0123\AndroidManifest.xml:15:22-65
uses-permission#android.permission.WRITE_EXTERNAL_STORAGE
ADDED from Ilearning0123\AndroidManifest.xml:16:5-17:23
	android:name
		ADDED from Ilearning0123\AndroidManifest.xml:16:22-78
uses-permission#android.permission.MOUNT_UNMOUNT_FILESYSTEMS
ADDED from Ilearning0123\AndroidManifest.xml:18:5-19:23
	android:name
		ADDED from Ilearning0123\AndroidManifest.xml:18:22-81
uses-permission#android.permission.BLUETOOTH
ADDED from Ilearning0123\AndroidManifest.xml:22:5-68
	android:name
		ADDED from Ilearning0123\AndroidManifest.xml:22:22-65
uses-permission#android.permission.BLUETOOTH_ADMIN
ADDED from Ilearning0123\AndroidManifest.xml:23:5-74
	android:name
		ADDED from Ilearning0123\AndroidManifest.xml:23:22-71
uses-permission#android.permission.ACCESS_NETWORK_STATE
ADDED from Ilearning0123\AndroidManifest.xml:24:5-25:23
	android:name
		ADDED from Ilearning0123\AndroidManifest.xml:24:22-76
uses-permission#android.permission.READ_PHONE_STATE
ADDED from Ilearning0123\AndroidManifest.xml:26:5-27:23
	android:name
		ADDED from Ilearning0123\AndroidManifest.xml:26:22-72
uses-permission#android.permission.CHANGE_WIFI_MULTICAST_STATE
ADDED from Ilearning0123\AndroidManifest.xml:28:5-86
	android:name
		ADDED from Ilearning0123\AndroidManifest.xml:28:22-83
uses-permission#android.permission.WRITE_SETTINGS
ADDED from Ilearning0123\AndroidManifest.xml:29:5-73
	android:name
		ADDED from Ilearning0123\AndroidManifest.xml:29:22-70
application
ADDED from Ilearning0123\AndroidManifest.xml:31:5-94:19
MERGED from [ilearning0318:android-support-v7-appcompat:unspecified] AndroidManifest.xml:22:5-20
	android:label
		ADDED from Ilearning0123\AndroidManifest.xml:34:9-41
	android:allowBackup
		ADDED from Ilearning0123\AndroidManifest.xml:32:9-35
	android:icon
		ADDED from Ilearning0123\AndroidManifest.xml:33:9-45
	android:theme
		ADDED from Ilearning0123\AndroidManifest.xml:35:9-40
activity#hpecl.uclass.guider.WelcomepicActivity
ADDED from Ilearning0123\AndroidManifest.xml:36:9-44:20
	android:label
		ADDED from Ilearning0123\AndroidManifest.xml:38:13-45
	android:name
		ADDED from Ilearning0123\AndroidManifest.xml:37:13-66
intent-filter#android.intent.action.MAIN+android.intent.category.LAUNCHER
ADDED from Ilearning0123\AndroidManifest.xml:39:13-43:29
action#android.intent.action.MAIN
ADDED from Ilearning0123\AndroidManifest.xml:40:17-69
	android:name
		ADDED from Ilearning0123\AndroidManifest.xml:40:25-66
category#android.intent.category.LAUNCHER
ADDED from Ilearning0123\AndroidManifest.xml:42:17-77
	android:name
		ADDED from Ilearning0123\AndroidManifest.xml:42:27-74
activity#hpecl.uclass.ilearning.Main
ADDED from Ilearning0123\AndroidManifest.xml:45:9-49:20
	android:windowSoftInputMode
		ADDED from Ilearning0123\AndroidManifest.xml:48:13-64
	android:configChanges
		ADDED from Ilearning0123\AndroidManifest.xml:47:13-63
	android:name
		ADDED from Ilearning0123\AndroidManifest.xml:46:13-55
activity#hpecl.uclass.ilearning.RegisterActivity
ADDED from Ilearning0123\AndroidManifest.xml:50:9-54:20
	android:windowSoftInputMode
		ADDED from Ilearning0123\AndroidManifest.xml:53:13-64
	android:configChanges
		ADDED from Ilearning0123\AndroidManifest.xml:52:13-63
	android:name
		ADDED from Ilearning0123\AndroidManifest.xml:51:13-67
activity#hpecl.uclass.ilearning.EditNote
ADDED from Ilearning0123\AndroidManifest.xml:55:9-59:20
	android:windowSoftInputMode
		ADDED from Ilearning0123\AndroidManifest.xml:58:13-64
	android:configChanges
		ADDED from Ilearning0123\AndroidManifest.xml:57:13-63
	android:name
		ADDED from Ilearning0123\AndroidManifest.xml:56:13-59
activity#hpecl.uclass.ilearning.PersonCload
ADDED from Ilearning0123\AndroidManifest.xml:60:9-61:20
	android:name
		ADDED from Ilearning0123\AndroidManifest.xml:60:19-68
activity#hpecl.uclass.ilearning.ForumActivity
ADDED from Ilearning0123\AndroidManifest.xml:62:9-63:20
	android:name
		ADDED from Ilearning0123\AndroidManifest.xml:62:19-70
activity#cn.open189.api.AuthView
ADDED from Ilearning0123\AndroidManifest.xml:64:9-60
	android:name
		ADDED from Ilearning0123\AndroidManifest.xml:64:19-57
activity#hpecl.uclass.ilearning.Sharing
ADDED from Ilearning0123\AndroidManifest.xml:65:9-67
	android:name
		ADDED from Ilearning0123\AndroidManifest.xml:65:19-64
activity#hpecl.uclass.ilearning.FileManagerment
ADDED from Ilearning0123\AndroidManifest.xml:66:9-75
	android:name
		ADDED from Ilearning0123\AndroidManifest.xml:66:19-72
activity#hpecl.uclass.ilearning.UploadFile
ADDED from Ilearning0123\AndroidManifest.xml:67:9-70
	android:name
		ADDED from Ilearning0123\AndroidManifest.xml:67:19-67
activity#hpecl.uclass.ilearning.ClassFileManagerment
ADDED from Ilearning0123\AndroidManifest.xml:68:9-80
	android:name
		ADDED from Ilearning0123\AndroidManifest.xml:68:19-77
activity#hpecl.uclass.ilearning.NotificationActivity
ADDED from Ilearning0123\AndroidManifest.xml:69:9-70:20
	android:name
		ADDED from Ilearning0123\AndroidManifest.xml:69:19-77
activity#hpecl.uclass.ilearning.ReferenceActivity
ADDED from Ilearning0123\AndroidManifest.xml:71:9-72:20
	android:name
		ADDED from Ilearning0123\AndroidManifest.xml:71:19-74
activity#hpecl.uclass.ilearning.NotificationText
ADDED from Ilearning0123\AndroidManifest.xml:73:9-76
	android:name
		ADDED from Ilearning0123\AndroidManifest.xml:73:19-73
activity#hpecl.uclass.ilearning.RefenceText
ADDED from Ilearning0123\AndroidManifest.xml:74:9-71
	android:name
		ADDED from Ilearning0123\AndroidManifest.xml:74:19-68
activity#hpecl.uclass.ilearning.QuestionActivity
ADDED from Ilearning0123\AndroidManifest.xml:75:9-76
	android:name
		ADDED from Ilearning0123\AndroidManifest.xml:75:19-73
activity#hpecl.uclass.ilearning.AskQuestion
ADDED from Ilearning0123\AndroidManifest.xml:76:9-71
	android:name
		ADDED from Ilearning0123\AndroidManifest.xml:76:19-68
activity#hpecl.uclass.ilearning.AddTopic
ADDED from Ilearning0123\AndroidManifest.xml:77:9-68
	android:name
		ADDED from Ilearning0123\AndroidManifest.xml:77:19-65
activity#hpecl.uclass.ilearning.AboutIt
ADDED from Ilearning0123\AndroidManifest.xml:78:9-67
	android:name
		ADDED from Ilearning0123\AndroidManifest.xml:78:19-64
activity#hpecl.uclass.ilearning.TextURLWebView
ADDED from Ilearning0123\AndroidManifest.xml:79:9-74
	android:name
		ADDED from Ilearning0123\AndroidManifest.xml:79:19-71
activity#hpecl.uclass.ilearning.ImageZoom
ADDED from Ilearning0123\AndroidManifest.xml:80:9-69
	android:name
		ADDED from Ilearning0123\AndroidManifest.xml:80:19-66
activity#hpecl.uclass.ilearning.MoreActivity
ADDED from Ilearning0123\AndroidManifest.xml:81:9-72
	android:name
		ADDED from Ilearning0123\AndroidManifest.xml:81:19-69
activity#hpecl.uclass.ilearning.LogIn
ADDED from Ilearning0123\AndroidManifest.xml:82:9-65
	android:name
		ADDED from Ilearning0123\AndroidManifest.xml:82:19-62
activity#hpecl.uclass.ilearning.WifiHotActivity
ADDED from Ilearning0123\AndroidManifest.xml:83:9-75
	android:name
		ADDED from Ilearning0123\AndroidManifest.xml:83:19-72
activity#hpecl.uclass.guider.ScrollLayoutActivity
ADDED from Ilearning0123\AndroidManifest.xml:84:9-77
	android:name
		ADDED from Ilearning0123\AndroidManifest.xml:84:19-74
activity#hpecl.uclass.ilearning.FileTransfer
ADDED from Ilearning0123\AndroidManifest.xml:85:9-72
	android:name
		ADDED from Ilearning0123\AndroidManifest.xml:85:19-69
activity#hpecl.uclass.ilearning.DownLoadActivity
ADDED from Ilearning0123\AndroidManifest.xml:86:9-76
	android:name
		ADDED from Ilearning0123\AndroidManifest.xml:86:19-73
activity#hpecl.uclass.guider.SettingScrollLayoutActivity
ADDED from Ilearning0123\AndroidManifest.xml:87:9-84
	android:name
		ADDED from Ilearning0123\AndroidManifest.xml:87:19-81
activity#hpecl.uclass.ilearning.LightActivity
ADDED from Ilearning0123\AndroidManifest.xml:88:9-73
	android:name
		ADDED from Ilearning0123\AndroidManifest.xml:88:19-70
service#hpecl.uclass.service.BackService
ADDED from Ilearning0123\AndroidManifest.xml:90:9-91:19
	android:name
		ADDED from Ilearning0123\AndroidManifest.xml:90:18-65